<?xml version="1.0" encoding="UTF-8"?>
<!-- Generated by org.testng.reporters.JUnitReportReporter -->
<testsuite hostname="dadrd004760tmd" failures="0" tests="1" name="testng.ClassTest" time="0.004" errors="0" timestamp="02 Apr 2022 16:37:14 GMT" skipped="0">
  <testcase classname="testng.ClassTest" name="CreditCardTest" time="0.004"/>
</testsuite> <!-- testng.ClassTest -->
