<?xml version="1.0" encoding="UTF-8"?>
<!-- Generated by org.testng.reporters.JUnitReportReporter -->
<testsuite skipped="0" hostname="dadrd004760tmd" name="testng.LoginTest" tests="1" failures="0" timestamp="02 Apr 2022 16:56:32 GMT" time="51.269" errors="0">
  <testcase name="LoginTestcase1" time="51.269" classname="testng.LoginTest"/>
</testsuite> <!-- testng.LoginTest -->
