<?xml version="1.0" encoding="UTF-8"?>
<!-- Generated by org.testng.reporters.JUnitReportReporter -->
<testsuite skipped="0" hostname="dadrd004760tmd" name="testng.ClassTest" tests="1" failures="0" timestamp="03 Apr 2022 15:09:25 GMT" time="0.002" errors="0">
  <testcase name="CreditCardTest" time="0.002" classname="testng.ClassTest"/>
</testsuite> <!-- testng.ClassTest -->
